<?xml version="1.0" encoding="UTF-8"?>
<!-- Generated by org.testng.reporters.JUnitReportReporter -->
<testsuite hostname="G-0439" name="fileDownloadVerify.AutoComplete" tests="1" failures="0" timestamp="20 Jan 2016 15:27:19 GMT" time="25.982" errors="0">
  <testcase name="rightClickTest" time="25.982" classname="fileDownloadVerify.AutoComplete"/>
</testsuite> <!-- fileDownloadVerify.AutoComplete -->
