<?xml version="1.0" encoding="UTF-8"?>
<!-- Generated by org.testng.reporters.JUnitReportReporter -->
<testsuite hostname="G-0439" name="fileDownloadVerify.FileDownloadVerify" tests="2" failures="0" timestamp="5 Nov 2015 11:26:30 GMT" time="21.207" errors="0">
  <testcase name="example_VerifyDownloadWithFileName" time="4.880" classname="fileDownloadVerify.FileDownloadVerify"/>
  <testcase name="example_VerifyDownloadWithFileExtension" time="16.327" classname="fileDownloadVerify.FileDownloadVerify"/>
</testsuite> <!-- fileDownloadVerify.FileDownloadVerify -->
