<?xml version="1.0" encoding="UTF-8"?>
<!-- Generated by org.testng.reporters.JUnitReportReporter -->
<testsuite hostname="G-0439" name="frameResize.MultipleDropDownSelect" tests="1" failures="0" timestamp="9 Mar 2016 14:56:43 GMT" time="62.018" errors="0">
  <testcase name="testToResizeElement" time="62.018" classname="frameResize.MultipleDropDownSelect"/>
</testsuite> <!-- frameResize.MultipleDropDownSelect -->
