<?xml version="1.0" encoding="UTF-8"?>
<!-- Generated by org.testng.reporters.JUnitReportReporter -->
<testsuite hostname="G-0439" name="frameResize.FrameResize$ResizeExample" tests="1" failures="0" timestamp="3 Nov 2015 07:51:30 GMT" time="22.939" errors="0">
  <testcase name="testToResizeElement" time="22.939" classname="frameResize.FrameResize$ResizeExample"/>
</testsuite> <!-- frameResize.FrameResize$ResizeExample -->
