<?xml version="1.0" encoding="UTF-8"?>
<!-- Generated by org.testng.reporters.JUnitReportReporter -->
<testsuite hostname="G-0439" name="testNG_Practices.ElementPresentCheck" tests="1" failures="0" timestamp="11 Mar 2016 12:10:24 GMT" time="17.060" errors="0">
  <testcase name="Test" time="17.060" classname="testNG_Practices.ElementPresentCheck"/>
</testsuite> <!-- testNG_Practices.ElementPresentCheck -->
